D:\DOCWCH\OBJRX64\DOCWATCH\DOCWATCH.PCH
D:\DOCWCH\OBJRX64\DOCWATCH\VCPLUGINHEADERS.OBJ
D:\DOCWCH\OBJRX64\DOCWATCH\VC110.PDB
D:\DOCWCH\OBJRX64\DOCWATCH\TRIGGERRESOURCEDEPS.OBJ
D:\DOCWCH\OBJRX64\DOCWATCH\DOCWCHUTILS.OBJ
D:\DOCWCH\OBJRX64\DOCWATCH\DOCWCHSERVICEPROVIDER.OBJ
D:\DOCWCH\OBJRX64\DOCWATCH\DOCWCHRESPONDER.OBJ
D:\DOCWCH\OBJRX64\DOCWATCH\DOCWCHNOSTRIP.OBJ
D:\DOCWCH\OBJRX64\DOCWATCH\DOCWCHID.OBJ
D:\DOCWCH\OBJRX64\DOCWATCH\DOCWCHACTIONCOMPONENT.OBJ
D:\DOCWCH\OBJRX64\DOCWATCH\MYOBSERVER.OBJ
D:\DOCWCH\OBJRX64\DOCWATCH\MYACTIVESELECTIONOBSERVER.OBJ
D:\DOCWCH\OBJRX64\DOCWATCH\SDKPLUGINENTRYPOINT.OBJ
D:\DOCWCH\OBJRX64\DOCWATCH\PLUGINSTATICS.OBJ
D:\DOCWCH\OBJRX64\DOCWATCH\DOCWCH.RES
D:\DocWch\objRx64\docwatch\DocWchActionComponent.obj
D:\DocWch\objRx64\docwatch\DocWchID.obj
D:\DocWch\objRx64\docwatch\DocWchNoStrip.obj
D:\DocWch\objRx64\docwatch\DocWchResponder.obj
D:\DocWch\objRx64\docwatch\DocWchServiceProvider.obj
D:\DocWch\objRx64\docwatch\DocWchUtils.obj
D:\DocWch\objRx64\docwatch\MyActiveSelectionObserver.obj
D:\DocWch\objRx64\docwatch\MyObserver.obj
D:\DocWch\objRx64\docwatch\PlugInStatics.obj
D:\DocWch\objRx64\docwatch\SDKPlugInEntrypoint.obj
D:\DocWch\objRx64\docwatch\TriggerResourceDeps.obj
D:\DocWch\objRx64\docwatch\VCPlugInHeaders.obj
D:\DocWch\objRx64\docwatch\cl.command.1.tlog
D:\DocWch\objRx64\docwatch\CL.read.1.tlog
D:\DocWch\objRx64\docwatch\CL.write.1.tlog
D:\DocWch\objRx64\docwatch\custombuild.command.1.tlog
D:\DocWch\objRx64\docwatch\custombuild.read.1.tlog
D:\DocWch\objRx64\docwatch\custombuild.write.1.tlog
D:\DocWch\objRx64\docwatch\rc.command.1.tlog
D:\DocWch\objRx64\docwatch\rc.read.1.tlog
D:\DocWch\objRx64\docwatch\rc.write.1.tlog
D:\DocWch\objRx64\docwatch\DocWch.res
D:\DocWch\objRx64\docwatch\docwatch.pch
D:\DocWch\objRx64\docwatch\vc110.pdb
